<?xml version="1.0" encoding="UTF-8"?>
<!-- Generated by org.testng.reporters.JUnitXMLReporter -->
<testsuite hostname="WIN-D71DV3LPO8T" ignored="0" name="Default test" tests="3" failures="0" timestamp="06 Nov 2017 13:26:10 GMT" time="11.932" errors="0">
  <testcase name="basicSearchBarTest" time="2.392" classname="com.prometheus.tests.WikipediaTest"/>
  <testcase name="hiddenContentsTest" time="1.274" classname="com.prometheus.tests.WikipediaTest"/>
  <testcase name="autoCompleteSearchTest" time="8.246" classname="com.prometheus.tests.WikipediaTest"/>
</testsuite> <!-- Default test -->
